<?xml version="1.0" encoding="UTF-8"?>
<!-- Generated by org.testng.reporters.JUnitXMLReporter -->
<testsuite ignored="0" hostname="Akshay" failures="1" tests="2" name="Command line test" time="35.126" errors="0" timestamp="2024-12-21T23:02:35 IST">
  <testcase classname="io.cucumber.testng.AbstractTestNGCucumberTests" name="runScenario" time="18.107">
    <failure type="java.lang.AssertionError" message="Account Not created expected [true] but found [false]">
      <![CDATA[java.lang.AssertionError: Account Not created expected [true] but found [false]
at stepDefinations.CreateNewAccountSteps.user_should_see_a_message_account_created_successfully(CreateNewAccountSteps.java:56)
at ✽.user should see a message account created successfully(file:///D:/Learning/New%20Workspace/BDDAssignment/src/test/resources/Features/CreateNewAccount.feature:9)
... Removed 3 stack frames]]>
    </failure>
  </testcase> <!-- runScenario -->
  <testcase classname="io.cucumber.testng.AbstractTestNGCucumberTests" name="runScenario" time="15.789"/>
</testsuite> <!-- Command line test -->
