<?xml version="1.0" encoding="UTF-8"?>
<!-- Generated by org.testng.reporters.JUnitXMLReporter -->
<testsuite ignored="0" hostname="Akshay" failures="1" tests="2" name="Default test" time="33.701" errors="0" timestamp="2024-12-18T23:34:48 IST">
  <testcase classname="io.cucumber.testng.AbstractTestNGCucumberTests" name="runScenario" time="16.311">
    <failure type="java.lang.AssertionError" message="Account Not created expected [true] but found [false]">
      <![CDATA[java.lang.AssertionError: Account Not created expected [true] but found [false]
at org.testng.Assert.fail(Assert.java:111)
at org.testng.Assert.failNotEquals(Assert.java:1578)
at org.testng.Assert.assertTrue(Assert.java:57)
at stepDefinations.CreateNewAccountSteps.user_should_see_a_message_account_created_successfully(CreateNewAccountSteps.java:56)
at ✽.user should see a message account created successfully(file:///D:/Learning/New%20Workspace/BDDAssignment/src/test/resources/Features/CreateNewAccount.feature:9)
]]>
    </failure>
  </testcase> <!-- runScenario -->
  <testcase classname="io.cucumber.testng.AbstractTestNGCucumberTests" name="runScenario" time="16.032"/>
</testsuite> <!-- Default test -->
