<?xml version="1.0" encoding="UTF-8"?>
<testsuite name="Cucumber" time="0.317" tests="2" skipped="0" failures="0" errors="0">
<testcase classname="Create new Account" name="Create New Account - #1.1" time="0.017">
<system-out><![CDATA[
Given user is present on the create new account page........................passed
When user enters Akshay Metkari in correct format...........................passed
When user enter akmetkari@gmail.com Hello@abc and Hello@abc.................passed
And user clicks on the create new account button............................passed
Then user should see a message account created successfully.................passed
]]></system-out>
</testcase>
<testcase classname="user login to the application" name="user login to the application - #1.1" time="0.004">
<system-out><![CDATA[
Given user is on the landing page of the application........................passed
When user provides correct akshay312@gmail.com and Hello@abc................passed
And clicks on the login button..............................................passed
Then user should see Success login message..................................passed
]]></system-out>
</testcase>
</testsuite>
