<?xml version="1.0" encoding="UTF-8" ?>
<testsuite tests="2" failures="1" name="stepDefinations.TestRunner" time="33.896" errors="0" skipped="0">
  <properties>
[...]
</properties>
  <testcase classname="stepDefinations.TestRunner" name="runScenario" time="18.113">
    <failure message="Account Not created expected [true] but found [false]" type="java.lang.AssertionError">java.lang.AssertionError: Account Not created expected [true] but found [false]
	at org.testng.Assert.fail(Assert.java:111)
	at org.testng.Assert.failNotEquals(Assert.java:1578)
	at org.testng.Assert.assertTrue(Assert.java:57)
	at stepDefinations.CreateNewAccountSteps.user_should_see_a_message_account_created_successfully(CreateNewAccountSteps.java:56)
	at ✽.user should see a message account created successfully(file:///D:/Learning/New%20Workspace/BDDAssignment/src/test/resources/Features/CreateNewAccount.feature:9)
</failure>
    <system-out>Configuring TestNG with: org.apache.maven.surefire.testng.conf.TestNG652Configurator@2c6a3f77

Scenario Outline: Create New Account                          # src/test/resources/Features/CreateNewAccount.feature:13
  Given user is present on the create new account page        # stepDefinations.CreateNewAccountSteps.user_is_present_on_the_create_new_account_page()
  When user enters Akshay Metkari in correct format           # stepDefinations.CreateNewAccountSteps.user_enters_firstname_lastname_in_correct_format(java.lang.String,java.lang.String)
  When user enter akaei@gmail.com Hello@abc and Hello@abc     # stepDefinations.CreateNewAccountSteps.user_enter_email_password_and_confirmpassword(java.lang.String,java.lang.String,java.lang.String)
  And user clicks on the create new account button            # stepDefinations.CreateNewAccountSteps.user_clicks_on_the_create_new_account_button()
  Then user should see a message account created successfully # stepDefinations.CreateNewAccountSteps.user_should_see_a_message_account_created_successfully()
      java.lang.AssertionError: Account Not created expected [true] but found [false]
	at org.testng.Assert.fail(Assert.java:111)
	at org.testng.Assert.failNotEquals(Assert.java:1578)
	at org.testng.Assert.assertTrue(Assert.java:57)
	at stepDefinations.CreateNewAccountSteps.user_should_see_a_message_account_created_successfully(CreateNewAccountSteps.java:56)
	at ✽.user should see a message account created successfully(file:///D:/Learning/New%20Workspace/BDDAssignment/src/test/resources/Features/CreateNewAccount.feature:9)

</system-out>
    <system-err>SLF4J: Failed to load class &quot;org.slf4j.impl.StaticLoggerBinder&quot;.
SLF4J: Defaulting to no-operation (NOP) logger implementation
SLF4J: See http://www.slf4j.org/codes.html#StaticLoggerBinder for further details.
Dec 21, 2024 11:02:05 PM org.openqa.selenium.devtools.CdpVersionFinder findNearestMatch
WARNING: Unable to find CDP implementation matching 126
Dec 21, 2024 11:02:05 PM org.openqa.selenium.chromium.ChromiumDriver lambda$new$5
WARNING: Unable to find version of CDP to use for 126.0.6478.127. You may need to include a dependency on a specific version of the CDP using something similar to `org.seleniumhq.selenium:selenium-devtools-v86:4.27.0` where the version (&quot;v86&quot;) matches the version of the chromium-based browser you&apos;re using and the version number of the artifact is the same as Selenium&apos;s.
Dec 21, 2024 11:02:11 PM org.openqa.selenium.devtools.CdpVersionFinder findNearestMatch
WARNING: Unable to find CDP implementation matching 126
Dec 21, 2024 11:02:11 PM org.openqa.selenium.chromium.ChromiumDriver lambda$new$5
WARNING: Unable to find version of CDP to use for 126.0.6478.127. You may need to include a dependency on a specific version of the CDP using something similar to `org.seleniumhq.selenium:selenium-devtools-v86:4.27.0` where the version (&quot;v86&quot;) matches the version of the chromium-based browser you&apos;re using and the version number of the artifact is the same as Selenium&apos;s.
</system-err>
  </testcase>
  <testcase classname="stepDefinations.TestRunner" name="runScenario" time="15.783"/>
</testsuite>